ac ag at cg ct gt a c g t alpha
1.83844 3.11461 3.51883 2.69976 7.43125 1.00000 0.29845 0.22115 0.25155 0.22885 0.030
0.95476 8.08636 6.12489 4.31279 29.77117 1.00000 0.29105 0.21080 0.24710 0.25105 0.031
0.60068 3.35548 0.65022 1.46201 4.31170 1.00000 0.28485 0.23620 0.23730 0.24165 0.030
0.00237 2.55289 1.25073 2.28622 2.87380 1.00000 0.26785 0.23590 0.26295 0.23330 0.134
0.16114 2.56429 0.43481 1.16207 3.04006 1.00000 0.28210 0.22425 0.23975 0.25390 0.188
0.99208 7.38870 3.05840 3.35231 8.10421 1.00000 0.27105 0.24540 0.24485 0.23870 0.030
0.55021 1.79435 0.36821 0.39835 2.68770 1.00000 0.26835 0.24355 0.24710 0.24100 0.709
0.42888 2.03969 1.29284 0.16370 2.35662 1.00000 0.27725 0.24380 0.23715 0.24180 0.030
15.24134 24.31301 10.55527 13.34437 38.06382 1.00000 0.28430 0.22270 0.25245 0.24055 0.024
1.91094 5.25846 2.02791 2.70816 1.87403 1.00000 0.25310 0.23250 0.25205 0.26235 0.408
2.83650 1.67662 1.58118 0.51899 4.26525 1.00000 0.27010 0.20275 0.26760 0.25955 0.024
2.86918 2.60139 3.29891 5.42132 8.23635 1.00000 0.27900 0.23335 0.25155 0.23610 0.023
0.91318 5.76336 0.96993 3.92462 8.17653 1.00000 0.27415 0.25085 0.22915 0.24585 0.043
0.20257 2.16207 0.39643 1.66314 2.08057 1.00000 0.28420 0.22915 0.25370 0.23295 0.036
1.65428 4.45437 0.65420 1.75755 5.97801 1.00000 0.27255 0.21670 0.25025 0.26050 0.151
1.38171 5.06713 2.31926 2.94138 6.92090 1.00000 0.28430 0.21430 0.23945 0.26195 76.419
1.24993 5.13759 0.90938 2.84132 8.53450 1.00000 0.27820 0.24540 0.22050 0.25590 0.024
2.60618 5.99329 2.82726 4.28397 7.55326 1.00000 0.27140 0.23340 0.24060 0.25460 0.029
0.68304 2.24116 0.45407 0.35729 3.98913 1.00000 0.29245 0.20995 0.26670 0.23090 0.024
410.68952 660.32658 267.64251 692.43003 2042.08619 1.00000 0.28795 0.21810 0.26035 0.23360 0.024
0.88380 3.64290 0.88589 0.00041 3.86112 1.00000 0.28715 0.21400 0.24050 0.25835 0.024
0.54389 7.73597 1.03377 2.51201 11.21535 1.00000 0.28600 0.20100 0.27865 0.23435 0.246
0.40181 2.20262 0.69963 1.88501 5.67384 1.00000 0.29130 0.21565 0.25070 0.24235 0.852
0.48310 2.43476 1.03895 1.16662 3.16608 1.00000 0.30270 0.22780 0.24340 0.22610 0.024
0.63337 2.11422 1.35892 2.89375 4.35473 1.00000 0.28635 0.23405 0.24490 0.23470 0.024
0.51572 8.08186 1.71328 3.13433 11.08116 1.00000 0.26345 0.22900 0.25825 0.24930 0.024
0.84670 5.08652 0.63146 1.80072 8.80970 1.00000 0.27150 0.25130 0.23550 0.24170 0.030
0.81876 1.62598 0.32020 1.42123 4.96579 1.00000 0.26090 0.24765 0.24465 0.24680 0.477
1.28380 8.38188 3.11328 6.74356 11.77354 1.00000 0.27495 0.21535 0.24625 0.26345 0.029
0.29536 0.97819 0.41667 0.08849 2.44352 1.00000 0.28830 0.23835 0.24425 0.22910 0.023
2.81566 12.37614 8.02315 2.09634 17.67138 1.00000 0.27005 0.24570 0.24775 0.23650 1.910
237.83323 1859.78179 1021.97041 401.14611 2863.93526 1.00000 0.25720 0.25625 0.23890 0.24765 0.690
0.70037 3.16722 1.07058 1.22810 2.35575 1.00000 0.27990 0.22570 0.24925 0.24515 0.024
1.42350 1.95612 0.62700 0.68910 3.58885 1.00000 0.24780 0.23900 0.25390 0.25930 0.032
0.69758 1.44804 0.48732 0.42137 2.69864 1.00000 0.28450 0.24975 0.23265 0.23310 0.309
1.20153 2.93248 0.41781 1.16598 2.41059 1.00000 0.26770 0.21410 0.27625 0.24195 0.318
0.76162 2.89576 0.16666 1.38583 2.90190 1.00000 0.30105 0.20965 0.25025 0.23905 8.109
0.27886 1.62095 0.38218 0.33680 1.89107 1.00000 0.27485 0.22480 0.23900 0.26135 0.030
0.64561 1.43493 1.45241 1.18214 6.00738 1.00000 0.29445 0.21575 0.24455 0.24525 0.060
12.98533 17.77158 3.26391 10.72471 22.27470 1.00000 0.28325 0.22345 0.24620 0.24710 0.024
0.44882 6.33832 2.32284 4.11371 6.85091 1.00000 0.28555 0.23920 0.25045 0.22480 0.029
1.60512 3.69417 1.39356 2.11802 7.47894 1.00000 0.27030 0.22220 0.25645 0.25105 0.024
1.26632 4.33161 0.68641 2.27131 3.54948 1.00000 0.27865 0.20445 0.23670 0.28020 0.024
1.91680 5.59129 1.60744 2.49431 5.47885 1.00000 0.27060 0.23940 0.21440 0.27560 0.030
1.92414 4.21727 1.56879 2.15925 6.80900 1.00000 0.28730 0.21310 0.25655 0.24305 0.099
1.52111 4.97014 2.54715 1.81399 5.85330 1.00000 0.26490 0.25610 0.22485 0.25415 0.024
0.00362 3.90927 2.28881 2.84555 6.15244 1.00000 0.27075 0.22005 0.25430 0.25490 0.340
3.04683 13.79755 2.70608 4.13952 22.29303 1.00000 0.29475 0.25965 0.21950 0.22610 0.215
0.72720 3.83575 0.65850 2.13002 4.45607 1.00000 0.28350 0.22915 0.23425 0.25310 0.024
1.67824 7.06114 2.88661 4.93483 7.14160 1.00000 0.26980 0.22575 0.24890 0.25555 0.024
0.00170 2.39433 1.44325 0.66963 2.64365 1.00000 0.27545 0.22965 0.24535 0.24955 0.319
0.34267 2.71132 0.91406 1.16565 2.74881 1.00000 0.28380 0.21990 0.24715 0.24915 0.196
1.19347 2.61163 0.61212 1.73332 3.10856 1.00000 0.29095 0.24490 0.23960 0.22455 0.029
0.00213 1.17550 1.10298 1.81577 3.47436 1.00000 0.28725 0.21525 0.25945 0.23805 1.388
0.72978 2.43764 2.06750 3.91383 7.41527 1.00000 0.25720 0.24015 0.24975 0.25290 0.023
1.01102 2.89225 0.63581 3.32422 5.34778 1.00000 0.28120 0.22815 0.25550 0.23515 0.023
0.00065 3.77204 2.06684 1.88340 8.64946 1.00000 0.27050 0.23905 0.23615 0.25430 0.043
1.22184 3.04306 1.27074 0.00048 5.32132 1.00000 0.26025 0.24390 0.25270 0.24315 0.030
0.35578 8.27064 2.59880 3.15992 4.13721 1.00000 0.26580 0.25590 0.24000 0.23830 0.023
0.30812 4.49749 1.46526 2.22341 6.21449 1.00000 0.28635 0.23575 0.23750 0.24040 0.201
1.22052 5.22683 2.60058 2.62510 8.05959 1.00000 0.25035 0.23205 0.24920 0.26840 0.030
1.66733 2.62604 2.03528 2.00089 4.03600 1.00000 0.29460 0.21890 0.24230 0.24420 0.024
0.15901 1.23073 0.46773 0.78894 1.62006 1.00000 0.27440 0.23895 0.24335 0.24330 0.449
0.00053 2.77778 0.69151 0.34576 5.83915 1.00000 0.28395 0.19865 0.25750 0.25990 0.030
0.77448 4.43529 0.63042 2.00949 5.55387 1.00000 0.29210 0.22040 0.22395 0.26355 0.030
1.15652 9.24777 2.00894 3.27491 8.53395 1.00000 0.25645 0.23315 0.24075 0.26965 0.024
0.00128 2.50466 0.75081 1.08372 1.70205 1.00000 0.27065 0.21970 0.24375 0.26590 0.076
1.01622 1.68015 0.24462 0.81520 5.08025 1.00000 0.27725 0.22650 0.26710 0.22915 0.043
0.35635 1.04752 0.49512 0.15355 2.11742 1.00000 0.28985 0.22330 0.22065 0.26620 0.041
4.81503 8.60523 2.31618 8.74390 21.42101 1.00000 0.26195 0.23525 0.25565 0.24715 0.024
0.47085 2.17246 1.99740 1.72299 3.71167 1.00000 0.27775 0.23725 0.23455 0.25045 0.139
1.44308 1.97695 2.21058 5.27042 11.17939 1.00000 0.29525 0.23505 0.22250 0.24720 0.024
1.35118 6.53856 1.29185 1.97472 4.23900 1.00000 0.27975 0.23745 0.23860 0.24420 0.024
3.18097 6.68062 3.41891 3.01721 5.78793 1.00000 0.26605 0.23615 0.27915 0.21865 0.336
0.63711 3.09577 1.26584 1.47941 4.83690 1.00000 0.25040 0.24630 0.25040 0.25290 0.024
1.83056 6.11845 2.39412 0.49258 6.47917 1.00000 0.27005 0.24125 0.25490 0.23380 0.024
0.79649 2.02781 1.10669 0.65812 3.31186 1.00000 0.29815 0.22855 0.24235 0.23095 0.023
2.93127 6.11846 1.48993 3.24910 10.49510 1.00000 0.26285 0.23515 0.23785 0.26415 0.024
0.52482 3.96240 0.77724 2.67182 7.16957 1.00000 0.26455 0.23475 0.25765 0.24305 0.023
1.60227 4.07310 1.99070 1.75781 9.93629 1.00000 0.25655 0.22275 0.24430 0.27640 0.030
0.15510 1.62191 0.86746 0.54971 3.61042 1.00000 0.28255 0.23880 0.23595 0.24270 0.030
0.85129 8.10029 8.51401 8.67269 17.02582 1.00000 0.26480 0.25420 0.22785 0.25315 0.030
1.08836 3.71367 1.61942 0.26688 4.34048 1.00000 0.27510 0.19550 0.26665 0.26275 0.024
0.70021 2.09081 0.95773 1.16850 3.87336 1.00000 0.27000 0.25160 0.24695 0.23145 0.035
0.78868 5.13992 2.25437 1.76911 4.86779 1.00000 0.26350 0.23045 0.24855 0.25750 1.417
0.81646 1.22539 1.00189 2.62771 6.00849 1.00000 0.29900 0.20910 0.23720 0.25470 0.326
0.33420 2.00391 0.64449 0.37265 2.53258 1.00000 0.27075 0.23000 0.25245 0.24680 0.024
0.82807 1.26728 0.88916 1.45230 7.03835 1.00000 0.28310 0.21130 0.24420 0.26140 0.024
0.72212 2.62914 0.57418 0.00046 5.62549 1.00000 0.27925 0.20435 0.25840 0.25800 0.030
1.19663 5.48712 1.45833 3.85773 15.23797 1.00000 0.29305 0.20005 0.27000 0.23690 0.024
0.00433 4.87777 3.91096 2.96218 9.16022 1.00000 0.30785 0.21170 0.23575 0.24470 3.485
0.00073 2.04840 1.62721 2.37810 11.98665 1.00000 0.25890 0.23320 0.26205 0.24585 0.029
0.11123 1.10689 0.60806 0.52578 2.18192 1.00000 0.28970 0.24470 0.24190 0.22370 0.438
0.70708 3.54895 1.78891 1.31605 5.29404 1.00000 0.24005 0.21885 0.26975 0.27135 0.046
2.77700 3.26658 2.38094 2.97854 7.20881 1.00000 0.26955 0.23095 0.26425 0.23525 0.243
1.49389 4.18315 0.94191 0.95369 3.48788 1.00000 0.27510 0.22785 0.24055 0.25650 0.024
362912.00106 747135.77620 112924.51049 208240.91221 1327609.02896 1.00000 0.27185 0.23820 0.23170 0.25825 0.023
0.59184 8.92375 5.16601 1.16172 7.89555 1.00000 0.25960 0.22090 0.26510 0.25440 40.324
0.23693 4.21636 1.10386 1.50150 4.25063 1.00000 0.30655 0.22270 0.23875 0.23200 0.166
1.64233 2.86038 2.04505 3.32193 10.71489 1.00000 0.26345 0.23010 0.26225 0.24420 1.070
