ac ag at cg ct gt a c g t alpha
0.06326 0.04469 0.00029 0.04324 0.00029 1.00000 0.23000 0.30000 0.27000 0.20000 59288.967
0.06326 0.04469 0.00029 0.04324 0.00029 1.00000 0.23000 0.30000 0.27000 0.20000 59288.967
0.06326 0.04469 0.00029 0.04324 0.00029 1.00000 0.23000 0.30000 0.27000 0.20000 59288.967
0.06326 0.04469 0.00029 0.04324 0.00029 1.00000 0.23000 0.30000 0.27000 0.20000 59288.967
0.06326 0.04469 0.00029 0.04324 0.00029 1.00000 0.23000 0.30000 0.27000 0.20000 59288.967
0.06326 0.04469 0.00029 0.04324 0.00029 1.00000 0.23000 0.30000 0.27000 0.20000 59288.967
0.06326 0.04469 0.00029 0.04324 0.00029 1.00000 0.23000 0.30000 0.27000 0.20000 59288.967
0.06326 0.04469 0.00029 0.04324 0.00029 1.00000 0.23000 0.30000 0.27000 0.20000 59288.967
0.06326 0.04469 0.00029 0.04324 0.00029 1.00000 0.23000 0.30000 0.27000 0.20000 59288.967
0.06326 0.04469 0.00029 0.04324 0.00029 1.00000 0.23000 0.30000 0.27000 0.20000 59288.967
0.06326 0.04469 0.00029 0.04324 0.00029 1.00000 0.23000 0.30000 0.27000 0.20000 59288.967
0.06326 0.04469 0.00029 0.04324 0.00029 1.00000 0.23000 0.30000 0.27000 0.20000 59288.967
0.06326 0.04469 0.00029 0.04324 0.00029 1.00000 0.23000 0.30000 0.27000 0.20000 59288.967
0.06326 0.04469 0.00029 0.04324 0.00029 1.00000 0.23000 0.30000 0.27000 0.20000 59288.967
0.06326 0.04469 0.00029 0.04324 0.00029 1.00000 0.23000 0.30000 0.27000 0.20000 59288.967
0.06326 0.04469 0.00029 0.04324 0.00029 1.00000 0.23000 0.30000 0.27000 0.20000 59288.967
0.06326 0.04469 0.00029 0.04324 0.00029 1.00000 0.23000 0.30000 0.27000 0.20000 59288.967
0.06326 0.04469 0.00029 0.04324 0.00029 1.00000 0.23000 0.30000 0.27000 0.20000 59288.967
0.06326 0.04469 0.00029 0.04324 0.00029 1.00000 0.23000 0.30000 0.27000 0.20000 59288.967
0.06326 0.04469 0.00029 0.04324 0.00029 1.00000 0.23000 0.30000 0.27000 0.20000 59288.967
0.06326 0.04469 0.00029 0.04324 0.00029 1.00000 0.23000 0.30000 0.27000 0.20000 59288.967
0.06326 0.04469 0.00029 0.04324 0.00029 1.00000 0.23000 0.30000 0.27000 0.20000 59288.967
0.06326 0.04469 0.00029 0.04324 0.00029 1.00000 0.23000 0.30000 0.27000 0.20000 59288.967
0.06326 0.04469 0.00029 0.04324 0.00029 1.00000 0.23000 0.30000 0.27000 0.20000 59288.967
0.06326 0.04469 0.00029 0.04324 0.00029 1.00000 0.23000 0.30000 0.27000 0.20000 59288.967
0.06326 0.04469 0.00029 0.04324 0.00029 1.00000 0.23000 0.30000 0.27000 0.20000 59288.967
0.06326 0.04469 0.00029 0.04324 0.00029 1.00000 0.23000 0.30000 0.27000 0.20000 59288.967
0.06326 0.04469 0.00029 0.04324 0.00029 1.00000 0.23000 0.30000 0.27000 0.20000 59288.967
0.06326 0.04469 0.00029 0.04324 0.00029 1.00000 0.23000 0.30000 0.27000 0.20000 59288.967
0.06326 0.04469 0.00029 0.04324 0.00029 1.00000 0.23000 0.30000 0.27000 0.20000 59288.967
0.06326 0.04469 0.00029 0.04324 0.00029 1.00000 0.23000 0.30000 0.27000 0.20000 59288.967
0.06326 0.04469 0.00029 0.04324 0.00029 1.00000 0.23000 0.30000 0.27000 0.20000 59288.967
0.06326 0.04469 0.00029 0.04324 0.00029 1.00000 0.23000 0.30000 0.27000 0.20000 59288.967
0.06326 0.04469 0.00029 0.04324 0.00029 1.00000 0.23000 0.30000 0.27000 0.20000 59288.967
0.06326 0.04469 0.00029 0.04324 0.00029 1.00000 0.23000 0.30000 0.27000 0.20000 59288.967
0.06326 0.04469 0.00029 0.04324 0.00029 1.00000 0.23000 0.30000 0.27000 0.20000 59288.967
0.06326 0.04469 0.00029 0.04324 0.00029 1.00000 0.23000 0.30000 0.27000 0.20000 59288.967
0.06326 0.04469 0.00029 0.04324 0.00029 1.00000 0.23000 0.30000 0.27000 0.20000 59288.967
0.06326 0.04469 0.00029 0.04324 0.00029 1.00000 0.23000 0.30000 0.27000 0.20000 59288.967
0.06326 0.04469 0.00029 0.04324 0.00029 1.00000 0.23000 0.30000 0.27000 0.20000 59288.967
0.06326 0.04469 0.00029 0.04324 0.00029 1.00000 0.23000 0.30000 0.27000 0.20000 59288.967
0.06326 0.04469 0.00029 0.04324 0.00029 1.00000 0.23000 0.30000 0.27000 0.20000 59288.967
0.06326 0.04469 0.00029 0.04324 0.00029 1.00000 0.23000 0.30000 0.27000 0.20000 59288.967
0.06326 0.04469 0.00029 0.04324 0.00029 1.00000 0.23000 0.30000 0.27000 0.20000 59288.967
0.06326 0.04469 0.00029 0.04324 0.00029 1.00000 0.23000 0.30000 0.27000 0.20000 59288.967
0.06326 0.04469 0.00029 0.04324 0.00029 1.00000 0.23000 0.30000 0.27000 0.20000 59288.967
0.06326 0.04469 0.00029 0.04324 0.00029 1.00000 0.23000 0.30000 0.27000 0.20000 59288.967
0.06326 0.04469 0.00029 0.04324 0.00029 1.00000 0.23000 0.30000 0.27000 0.20000 59288.967
0.06326 0.04469 0.00029 0.04324 0.00029 1.00000 0.23000 0.30000 0.27000 0.20000 59288.967
0.06326 0.04469 0.00029 0.04324 0.00029 1.00000 0.23000 0.30000 0.27000 0.20000 59288.967
0.06326 0.04469 0.00029 0.04324 0.00029 1.00000 0.23000 0.30000 0.27000 0.20000 59288.967
0.06326 0.04469 0.00029 0.04324 0.00029 1.00000 0.23000 0.30000 0.27000 0.20000 59288.967
0.06326 0.04469 0.00029 0.04324 0.00029 1.00000 0.23000 0.30000 0.27000 0.20000 59288.967
0.06326 0.04469 0.00029 0.04324 0.00029 1.00000 0.23000 0.30000 0.27000 0.20000 59288.967
0.06326 0.04469 0.00029 0.04324 0.00029 1.00000 0.23000 0.30000 0.27000 0.20000 59288.967
0.06326 0.04469 0.00029 0.04324 0.00029 1.00000 0.23000 0.30000 0.27000 0.20000 59288.967
0.06326 0.04469 0.00029 0.04324 0.00029 1.00000 0.23000 0.30000 0.27000 0.20000 59288.967
0.06326 0.04469 0.00029 0.04324 0.00029 1.00000 0.23000 0.30000 0.27000 0.20000 59288.967
0.06326 0.04469 0.00029 0.04324 0.00029 1.00000 0.23000 0.30000 0.27000 0.20000 59288.967
0.06326 0.04469 0.00029 0.04324 0.00029 1.00000 0.23000 0.30000 0.27000 0.20000 59288.967
0.06326 0.04469 0.00029 0.04324 0.00029 1.00000 0.23000 0.30000 0.27000 0.20000 59288.967
0.06326 0.04469 0.00029 0.04324 0.00029 1.00000 0.23000 0.30000 0.27000 0.20000 59288.967
0.06326 0.04469 0.00029 0.04324 0.00029 1.00000 0.23000 0.30000 0.27000 0.20000 59288.967
0.06326 0.04469 0.00029 0.04324 0.00029 1.00000 0.23000 0.30000 0.27000 0.20000 59288.967
0.06326 0.04469 0.00029 0.04324 0.00029 1.00000 0.23000 0.30000 0.27000 0.20000 59288.967
0.06326 0.04469 0.00029 0.04324 0.00029 1.00000 0.23000 0.30000 0.27000 0.20000 59288.967
0.06326 0.04469 0.00029 0.04324 0.00029 1.00000 0.23000 0.30000 0.27000 0.20000 59288.967
0.06326 0.04469 0.00029 0.04324 0.00029 1.00000 0.23000 0.30000 0.27000 0.20000 59288.967
0.06326 0.04469 0.00029 0.04324 0.00029 1.00000 0.23000 0.30000 0.27000 0.20000 59288.967
0.06326 0.04469 0.00029 0.04324 0.00029 1.00000 0.23000 0.30000 0.27000 0.20000 59288.967
0.06326 0.04469 0.00029 0.04324 0.00029 1.00000 0.23000 0.30000 0.27000 0.20000 59288.967
0.06326 0.04469 0.00029 0.04324 0.00029 1.00000 0.23000 0.30000 0.27000 0.20000 59288.967
0.06326 0.04469 0.00029 0.04324 0.00029 1.00000 0.23000 0.30000 0.27000 0.20000 59288.967
0.06326 0.04469 0.00029 0.04324 0.00029 1.00000 0.23000 0.30000 0.27000 0.20000 59288.967
0.06326 0.04469 0.00029 0.04324 0.00029 1.00000 0.23000 0.30000 0.27000 0.20000 59288.967
0.06326 0.04469 0.00029 0.04324 0.00029 1.00000 0.23000 0.30000 0.27000 0.20000 59288.967
0.06326 0.04469 0.00029 0.04324 0.00029 1.00000 0.23000 0.30000 0.27000 0.20000 59288.967
0.06326 0.04469 0.00029 0.04324 0.00029 1.00000 0.23000 0.30000 0.27000 0.20000 59288.967
0.06326 0.04469 0.00029 0.04324 0.00029 1.00000 0.23000 0.30000 0.27000 0.20000 59288.967
0.06326 0.04469 0.00029 0.04324 0.00029 1.00000 0.23000 0.30000 0.27000 0.20000 59288.967
0.06326 0.04469 0.00029 0.04324 0.00029 1.00000 0.23000 0.30000 0.27000 0.20000 59288.967
0.06326 0.04469 0.00029 0.04324 0.00029 1.00000 0.23000 0.30000 0.27000 0.20000 59288.967
0.06326 0.04469 0.00029 0.04324 0.00029 1.00000 0.23000 0.30000 0.27000 0.20000 59288.967
0.06326 0.04469 0.00029 0.04324 0.00029 1.00000 0.23000 0.30000 0.27000 0.20000 59288.967
0.06326 0.04469 0.00029 0.04324 0.00029 1.00000 0.23000 0.30000 0.27000 0.20000 59288.967
0.06326 0.04469 0.00029 0.04324 0.00029 1.00000 0.23000 0.30000 0.27000 0.20000 59288.967
0.06326 0.04469 0.00029 0.04324 0.00029 1.00000 0.23000 0.30000 0.27000 0.20000 59288.967
0.06326 0.04469 0.00029 0.04324 0.00029 1.00000 0.23000 0.30000 0.27000 0.20000 59288.967
0.06326 0.04469 0.00029 0.04324 0.00029 1.00000 0.23000 0.30000 0.27000 0.20000 59288.967
0.06326 0.04469 0.00029 0.04324 0.00029 1.00000 0.23000 0.30000 0.27000 0.20000 59288.967
0.06326 0.04469 0.00029 0.04324 0.00029 1.00000 0.23000 0.30000 0.27000 0.20000 59288.967
0.06326 0.04469 0.00029 0.04324 0.00029 1.00000 0.23000 0.30000 0.27000 0.20000 59288.967
0.06326 0.04469 0.00029 0.04324 0.00029 1.00000 0.23000 0.30000 0.27000 0.20000 59288.967
0.06326 0.04469 0.00029 0.04324 0.00029 1.00000 0.23000 0.30000 0.27000 0.20000 59288.967
0.06326 0.04469 0.00029 0.04324 0.00029 1.00000 0.23000 0.30000 0.27000 0.20000 59288.967
0.06326 0.04469 0.00029 0.04324 0.00029 1.00000 0.23000 0.30000 0.27000 0.20000 59288.967
0.06326 0.04469 0.00029 0.04324 0.00029 1.00000 0.23000 0.30000 0.27000 0.20000 59288.967
0.06326 0.04469 0.00029 0.04324 0.00029 1.00000 0.23000 0.30000 0.27000 0.20000 59288.967
0.06326 0.04469 0.00029 0.04324 0.00029 1.00000 0.23000 0.30000 0.27000 0.20000 59288.967
0.06326 0.04469 0.00029 0.04324 0.00029 1.00000 0.23000 0.30000 0.27000 0.20000 59288.967
