ac ag at cg ct gt a c g t alpha
1.00313 0.85950 1.06119 1.00334 0.88015 1.00000 0.24215 0.24835 0.25245 0.25705 2727521435.822
0.91308 1.09164 0.93257 1.13765 0.84880 1.00000 0.24655 0.24455 0.24170 0.26720 2861695937.056
0.97792 0.97902 0.93698 0.98879 0.90619 1.00000 0.24915 0.24220 0.24850 0.26015 27286630883.755
0.99755 0.93704 0.89713 0.97115 0.83484 1.00000 0.24845 0.24355 0.24855 0.25945 1439921580.393
0.95300 0.98854 0.85162 0.90026 1.01833 1.00000 0.24105 0.25040 0.25160 0.25695 80.513
1.07532 1.01288 1.06267 1.12950 1.12826 1.00000 0.24030 0.24550 0.25535 0.25885 105.346
0.89339 0.97819 0.91192 1.08595 1.04046 1.00000 0.24750 0.24865 0.25030 0.25355 1032206840.968
0.80866 0.93518 0.93198 0.89859 0.91821 1.00000 0.24680 0.24610 0.25550 0.25160 1253472758.834
0.95225 0.99224 0.93701 0.93083 0.89949 1.00000 0.23560 0.24960 0.25940 0.25540 950734221.435
0.82095 0.84657 0.96378 1.01903 0.72265 1.00000 0.24520 0.25195 0.24940 0.25345 1308059672.527
0.90451 0.97063 0.90322 0.97188 0.84489 1.00000 0.24895 0.24655 0.24505 0.25945 1477146442.037
0.97239 1.14065 1.15007 1.06015 1.07726 1.00000 0.24455 0.24625 0.24790 0.26130 111670262.852
0.89683 1.14431 1.04383 0.90200 0.94076 1.00000 0.24090 0.26165 0.24775 0.24970 2216731609.549
0.92574 1.08749 1.20274 1.12984 1.01917 1.00000 0.24310 0.24420 0.24895 0.26375 1365010901.651
1.00332 1.12382 1.11876 1.00236 1.00870 1.00000 0.23910 0.24945 0.25065 0.26080 1899776761.779
0.96318 1.07647 1.00194 1.04602 1.00852 1.00000 0.23495 0.24765 0.25495 0.26245 1437071659.071
0.90626 0.89885 0.90105 0.93391 0.80004 1.00000 0.25300 0.24255 0.23985 0.26460 1364266030.199
0.86833 0.88105 0.90523 0.98757 0.81352 1.00000 0.24425 0.25700 0.24400 0.25475 2605863268.191
0.88538 1.12360 1.03757 1.07613 0.91605 1.00000 0.24160 0.25280 0.25015 0.25545 6636785052.984
0.95647 1.11609 0.99193 0.99624 0.97926 1.00000 0.24275 0.24405 0.25330 0.25990 2463483887.279
0.94272 1.09112 0.94914 1.02460 0.93288 1.00000 0.24245 0.25025 0.25000 0.25730 4137577904.761
0.92801 1.04066 0.95310 1.05303 0.89534 1.00000 0.24625 0.24395 0.25275 0.25705 2604899647.012
0.91074 1.11342 1.09848 1.10212 1.10044 1.00000 0.24045 0.25265 0.24445 0.26245 2011455039.931
0.94770 1.09773 1.01489 1.09724 1.01268 1.00000 0.23990 0.24750 0.25240 0.26020 1583205724.922
0.92688 0.96076 0.92060 0.92999 0.82592 1.00000 0.24030 0.24730 0.25450 0.25790 2939908087.622
0.94689 0.99331 1.01255 1.03656 1.01101 1.00000 0.24860 0.24425 0.24625 0.26090 3837827123.482
1.05829 1.10018 1.05895 1.07933 0.97694 1.00000 0.24655 0.24695 0.25000 0.25650 1428923736.168
0.97167 0.95110 0.95789 0.92951 0.81601 1.00000 0.24160 0.25170 0.25330 0.25340 2516725749.498
0.97185 1.09278 1.00524 0.99156 0.94585 1.00000 0.24495 0.24855 0.24855 0.25795 1350529549.096
0.91150 1.04737 1.02683 1.06399 1.00973 1.00000 0.24940 0.24915 0.24770 0.25375 1274508831.089
0.88280 1.12495 1.02885 1.08045 1.04133 1.00000 0.25230 0.24385 0.25165 0.25220 1970229181.404
0.99861 1.18405 1.07065 1.01690 0.93579 1.00000 0.23990 0.25235 0.25075 0.25700 1328881886.938
1.00106 1.04956 0.94313 1.01232 0.93204 1.00000 0.24695 0.23955 0.25155 0.26195 145.453
0.93810 1.00726 0.94075 0.99312 0.92647 1.00000 0.24190 0.24590 0.24695 0.26525 1364575674.536
0.89793 1.02731 1.06034 1.07059 1.08473 1.00000 0.25040 0.24505 0.25020 0.25435 2347326360.378
0.99864 0.92348 1.11723 1.08920 0.95963 1.00000 0.24465 0.24625 0.25180 0.25730 79.705
0.95796 0.97917 0.93155 1.00282 0.96431 1.00000 0.24740 0.23910 0.24805 0.26545 1374591841.335
0.97135 1.10865 0.98180 1.09700 0.89161 1.00000 0.24935 0.25000 0.24340 0.25725 1284141287.892
0.92138 1.09894 0.97425 0.95574 0.98834 1.00000 0.23920 0.24995 0.25035 0.26050 3008235509.438
0.98721 0.96738 1.04763 1.04222 0.86199 1.00000 0.24250 0.24990 0.25045 0.25715 1786288272.831
0.83643 0.90037 1.01441 1.05267 0.82263 1.00000 0.24370 0.25390 0.24060 0.26180 169.477
0.99224 1.10333 1.08432 1.09327 0.97255 1.00000 0.24065 0.25385 0.24720 0.25830 1307230736.465
0.87420 1.04045 0.96544 0.94915 0.89038 1.00000 0.25175 0.24970 0.24960 0.24895 1560853584.747
0.90014 0.96038 1.00119 0.92301 0.80037 1.00000 0.24275 0.24930 0.24275 0.26520 264814257.075
0.97751 0.97585 0.97175 1.09117 0.89550 1.00000 0.24690 0.25265 0.24665 0.25380 2628680586.772
0.85556 0.95572 0.98671 1.02801 0.95218 1.00000 0.24955 0.24200 0.24970 0.25875 2601181103.260
0.92461 1.03102 0.98794 0.96832 0.90852 1.00000 0.24240 0.24490 0.24955 0.26315 30486916.747
0.92095 1.02171 0.96139 0.94778 0.85346 1.00000 0.25085 0.23670 0.25680 0.25565 1782308456.921
0.91229 1.02481 1.09267 1.04335 0.87868 1.00000 0.24370 0.24920 0.24515 0.26195 2603593899.884
0.93921 1.05744 0.96248 0.96565 0.99397 1.00000 0.24900 0.24120 0.24960 0.26020 3046662306.475
