ac ag at cg ct gt a c g t alpha
0.87084 0.94068 1.12833 1.02393 0.96243 1.00000 0.24545 0.24985 0.25325 0.25145 5209009999.956
0.95656 0.98267 1.11108 0.98326 1.02221 1.00000 0.24820 0.24325 0.25595 0.25260 2343549402.148
1.00742 1.11193 1.09267 1.04039 1.04879 1.00000 0.24900 0.24270 0.25450 0.25380 1311348586.567
0.80312 0.86184 0.86204 0.93220 0.82901 1.00000 0.24340 0.24775 0.25415 0.25470 2722000255.460
0.93714 1.03962 0.95373 0.97783 0.88818 1.00000 0.24180 0.25195 0.24940 0.25685 1303604099.648
1.03799 1.13187 1.14924 1.05987 1.06575 1.00000 0.24425 0.24615 0.25020 0.25940 816.627
0.92525 0.91402 0.84680 0.88645 0.79922 1.00000 0.24120 0.25080 0.25345 0.25455 1722706917.038
0.86146 0.91739 0.81685 0.86914 0.78184 1.00000 0.23905 0.25250 0.24940 0.25905 1427807853.290
0.93765 0.91436 1.03723 0.99210 0.85611 1.00000 0.23965 0.24920 0.24630 0.26485 1985706921.612
1.10340 1.12133 1.15624 0.99023 0.98503 1.00000 0.24020 0.25115 0.25320 0.25545 1254660287.290
1.02161 0.98724 1.14385 1.03770 0.94867 1.00000 0.24490 0.24325 0.25295 0.25890 1390139711.127
0.97662 0.97138 0.91104 1.03968 0.91810 1.00000 0.24630 0.24665 0.24360 0.26345 104974.172
0.83461 1.04693 0.98552 0.98841 0.89308 1.00000 0.24845 0.25260 0.24120 0.25775 3031851276.967
0.98081 1.09556 1.16649 1.08706 0.97679 1.00000 0.24155 0.25205 0.24670 0.25970 1428116214.727
0.92136 0.97216 0.93582 1.02597 0.85056 1.00000 0.24455 0.24855 0.25290 0.25400 1364820723.724
0.77217 1.06213 0.82641 0.95062 0.92532 1.00000 0.25240 0.24860 0.24705 0.25195 1426122071.200
0.82530 0.88325 0.87121 0.94736 0.93341 1.00000 0.24025 0.25370 0.25060 0.25545 1305744035.651
0.80670 0.99500 0.87374 0.97495 0.83008 1.00000 0.24170 0.24640 0.24680 0.26510 1815411308.175
1.06482 1.07022 1.18748 1.15591 1.09618 1.00000 0.24440 0.24885 0.25520 0.25155 2505145003.209
0.86439 0.93744 0.85265 1.01955 0.87383 1.00000 0.24710 0.25485 0.24185 0.25620 3463699108.420
0.89534 1.10572 0.95573 1.03920 0.90241 1.00000 0.24630 0.24615 0.24585 0.26170 72.858
0.85851 0.99369 0.87507 1.00597 0.79918 1.00000 0.24105 0.25180 0.24490 0.26225 2653088762.336
0.98309 1.02706 0.94409 0.95504 0.90374 1.00000 0.24965 0.24570 0.24730 0.25735 1437521774.665
1.02585 0.97208 1.04867 1.12298 0.90619 1.00000 0.24895 0.24400 0.24630 0.26075 1373868154.184
1.02893 1.11032 0.98904 1.02630 0.92908 1.00000 0.24220 0.25355 0.24465 0.25960 1883123661.952
0.92548 1.01115 0.96216 1.05513 0.93102 1.00000 0.24260 0.24805 0.25485 0.25450 1438117432.256
0.92376 0.94590 0.92724 0.95267 0.88054 1.00000 0.24835 0.24925 0.24890 0.25350 918499559.431
0.94102 0.92785 0.90701 0.97302 0.91935 1.00000 0.24395 0.24875 0.24905 0.25825 52.542
1.01542 1.10979 1.05476 1.08460 0.96683 1.00000 0.24245 0.25125 0.24925 0.25705 988856982.422
0.92774 1.06341 1.15440 1.16692 1.11374 1.00000 0.25585 0.24825 0.24435 0.25155 1806518299.605
0.92341 0.96653 0.96125 1.01065 0.96434 1.00000 0.24470 0.24680 0.25005 0.25845 12094205910.269
0.93940 0.85487 0.98760 0.97031 0.87841 1.00000 0.24875 0.24295 0.25165 0.25665 1374980824.261
1.11960 1.19527 1.13725 1.24266 1.10495 1.00000 0.24975 0.24750 0.24945 0.25330 1335182017.561
0.89758 1.04231 1.09078 1.08686 1.07210 1.00000 0.25020 0.24540 0.24320 0.26120 1828677531.017
0.92972 1.08406 1.00827 1.08274 0.96775 1.00000 0.23935 0.24405 0.25260 0.26400 87.564
0.95630 1.06040 0.94316 1.00817 0.95071 1.00000 0.23725 0.24395 0.25850 0.26030 1679646887.291
0.95416 1.07600 1.01270 1.19075 0.93381 1.00000 0.24340 0.24295 0.25825 0.25540 1097498791.661
0.95735 1.03130 1.10093 1.05296 0.93149 1.00000 0.24495 0.25235 0.25150 0.25120 3484194283.704
0.98125 1.07385 0.96122 1.03358 1.04006 1.00000 0.25010 0.24315 0.24410 0.26265 19684166046.852
0.88330 1.08730 1.07017 1.16488 1.01540 1.00000 0.23990 0.24580 0.25205 0.26225 2096713824.406
0.96960 1.10970 1.04543 1.23334 0.99805 1.00000 0.24775 0.24330 0.24735 0.26160 2015318094.417
0.91481 0.95567 0.97513 0.91519 0.93493 1.00000 0.24320 0.24865 0.24830 0.25985 1425451296.435
0.96779 1.05640 0.99901 0.93568 0.86676 1.00000 0.23975 0.25240 0.24825 0.25960 1331336834.676
0.91904 1.01371 1.03291 1.02937 0.90182 1.00000 0.24680 0.25070 0.24945 0.25305 2599934532.246
1.06528 1.14648 1.08222 1.13707 0.98910 1.00000 0.24410 0.24855 0.24920 0.25815 3516352477.672
0.97467 1.13058 1.05097 1.08182 0.97754 1.00000 0.24540 0.24475 0.25140 0.25845 1434975736.064
0.98612 1.00621 0.96117 1.04327 0.90465 1.00000 0.24440 0.24550 0.25295 0.25715 1425610547.373
0.88461 0.94093 1.05461 1.04540 0.99052 1.00000 0.24800 0.24825 0.24705 0.25670 3290859011.422
0.98825 0.99939 1.09829 1.02184 0.97323 1.00000 0.24860 0.24470 0.25570 0.25100 1375908892.201
0.96781 1.01060 0.90559 0.96900 0.86303 1.00000 0.23655 0.25265 0.24990 0.26090 2606153631.543
0.89817 1.04027 0.94907 1.03019 1.08110 1.00000 0.24945 0.24870 0.24700 0.25485 1920522724.245
0.99325 1.07077 1.10163 0.95403 0.84116 1.00000 0.23315 0.25365 0.24950 0.26370 28115219.036
0.93771 1.09366 1.02049 1.02102 0.94783 1.00000 0.24455 0.25285 0.24665 0.25595 1818642150.251
0.94350 1.15535 1.00776 1.01147 0.98498 1.00000 0.24550 0.24185 0.25540 0.25725 950059626.786
0.97649 0.90684 0.91983 0.94816 0.80968 1.00000 0.24450 0.24710 0.24920 0.25920 2438980487.180
0.90250 0.88987 0.93124 0.99981 0.91920 1.00000 0.24250 0.25705 0.25140 0.24905 1372646591.663
0.86634 0.99691 1.02788 1.00611 0.91306 1.00000 0.25155 0.25055 0.24205 0.25585 1821950574.569
0.87677 0.89748 0.99732 0.91794 0.93103 1.00000 0.24495 0.24485 0.26045 0.24975 1342912612.528
1.00188 0.99723 1.05462 1.00076 1.06941 1.00000 0.24875 0.24225 0.25285 0.25615 1426724047.136
0.99502 1.08341 1.01645 1.01217 0.94668 1.00000 0.25155 0.24500 0.24045 0.26300 1962647534.890
1.04738 1.09942 1.04621 1.12457 0.99309 1.00000 0.24305 0.24705 0.24935 0.26055 3801883538.633
1.01546 0.92133 1.05527 0.97976 0.92815 1.00000 0.23775 0.24950 0.25095 0.26180 288.165
0.81371 0.97118 0.96409 1.06941 0.91294 1.00000 0.24810 0.25205 0.23930 0.26055 1667979582.557
0.90211 1.09398 1.03768 1.15465 1.02655 1.00000 0.24520 0.24530 0.24870 0.26080 2300004.597
0.89322 0.88508 0.98286 0.96252 0.79251 1.00000 0.24260 0.24645 0.24555 0.26540 1551801643.789
0.87379 0.99990 0.91684 1.04484 0.93470 1.00000 0.24620 0.24935 0.24460 0.25985 1928242376.474
0.97595 1.05115 1.04265 1.00261 0.98311 1.00000 0.24310 0.24895 0.25310 0.25485 3444356203.737
0.92656 0.90607 0.98080 0.95621 0.84698 1.00000 0.24580 0.24565 0.24105 0.26750 1445891090.325
0.88853 0.90930 0.89724 0.87738 0.84555 1.00000 0.24325 0.24695 0.25270 0.25710 2356558674.794
0.98178 1.01603 1.02385 0.89867 1.02645 1.00000 0.24425 0.24710 0.26055 0.24810 1900787480.320
0.87053 1.00623 0.96056 1.02308 0.86541 1.00000 0.24530 0.25310 0.24995 0.25165 3835907104.448
0.84373 0.90665 0.95686 0.94547 0.97846 1.00000 0.25150 0.24855 0.24170 0.25825 3477467553.768
1.18657 1.15731 1.15508 1.27004 1.15050 1.00000 0.24555 0.25005 0.25100 0.25340 2191628923.428
1.06066 1.00577 1.05775 1.09127 0.94603 1.00000 0.24280 0.24680 0.24945 0.26095 1736073402.949
0.95597 0.90686 1.00952 1.08455 0.99953 1.00000 0.25015 0.24835 0.24775 0.25375 1605231583.577
0.96055 1.02443 0.94342 0.98748 0.93806 1.00000 0.25245 0.24990 0.24785 0.24980 1231411950.744
0.93344 0.92720 1.05895 0.96357 0.85870 1.00000 0.24455 0.24545 0.25115 0.25885 2713282830.162
0.88081 1.07581 0.94217 1.08929 0.91714 1.00000 0.24010 0.24665 0.25255 0.26070 2571295130.957
0.99997 1.04908 1.07849 0.99852 0.90398 1.00000 0.24465 0.25370 0.24145 0.26020 1216112263.421
0.92890 0.98896 0.97628 1.05918 0.97665 1.00000 0.24990 0.25160 0.24470 0.25380 1005.607
0.84846 0.98223 0.91625 1.03999 0.92117 1.00000 0.24550 0.25120 0.24120 0.26210 1710341126.028
0.91761 0.92782 1.01135 1.09570 0.86960 1.00000 0.24185 0.25280 0.25210 0.25325 1310847951.376
1.06544 0.99743 1.02265 0.96577 1.11115 1.00000 0.24085 0.24320 0.25440 0.26155 1261180563.359
0.88640 0.91785 0.93812 1.02884 0.87207 1.00000 0.24680 0.24835 0.24780 0.25705 4105978920.103
0.98431 1.25564 1.06907 0.97907 1.09568 1.00000 0.24010 0.25085 0.25295 0.25610 2329048565.819
0.96953 1.16201 1.06254 1.02501 1.04052 1.00000 0.24650 0.24665 0.25010 0.25675 2150347970.555
0.91855 0.97638 0.90899 0.93193 0.86227 1.00000 0.23980 0.25320 0.24755 0.25945 1436572408.827
0.88161 0.88977 0.91477 0.99857 0.95931 1.00000 0.25265 0.24315 0.24485 0.25935 2417166886.837
0.82366 0.97863 0.89943 1.03313 0.79269 1.00000 0.25005 0.24505 0.24640 0.25850 2142077860.283
0.91304 1.08707 0.91200 1.06711 0.88954 1.00000 0.24750 0.25090 0.23825 0.26335 459.704
0.93148 1.00696 0.99074 0.97079 0.85423 1.00000 0.24530 0.24145 0.25965 0.25360 234.289
0.93127 1.04734 0.99630 1.04958 0.92847 1.00000 0.24425 0.24980 0.25015 0.25580 2099942453.607
0.92619 1.07223 1.04069 1.07814 1.01148 1.00000 0.24395 0.24370 0.24855 0.26380 2545141966.839
1.09240 1.03159 0.98712 0.95871 0.98311 1.00000 0.24195 0.25000 0.25600 0.25205 2538467344.602
0.94349 1.01418 0.96377 1.05406 1.02581 1.00000 0.23960 0.24160 0.25450 0.26430 1845890846.088
0.98957 1.06736 1.09378 1.05491 0.95205 1.00000 0.24825 0.24415 0.24555 0.26205 2497203633.152
0.91799 0.82658 0.85597 0.94165 0.79476 1.00000 0.23790 0.25415 0.24975 0.25820 2977161359.908
0.95361 1.01574 0.88906 0.96788 0.95825 1.00000 0.23850 0.25350 0.24940 0.25860 1318764247.786
0.86936 0.99789 0.96597 1.02332 0.81189 1.00000 0.24495 0.24680 0.25195 0.25630 1906310933.232
0.95015 0.95675 1.00379 0.95860 0.94860 1.00000 0.24490 0.24040 0.25300 0.26170 2725825109.077
